<?xml version="1.0" encoding="UTF-8"?>
<!-- Generated by org.testng.reporters.JUnitReportReporter -->
<testsuite hostname="Amrieen" failures="0" tests="7" name="com.ticketingSystem.Script.PlayPauseScript" time="40.594" errors="0" timestamp="2022-05-25T10:43:32 IST" skipped="0">
  <testcase classname="com.ticketingSystem.Script.PlayPauseScript" name="test_07" time="5.649"/>
  <system-out/>
  <testcase classname="com.ticketingSystem.Script.PlayPauseScript" name="test_06" time="6.462"/>
  <system-out/>
  <testcase classname="com.ticketingSystem.Script.PlayPauseScript" name="test_04" time="5.626"/>
  <system-out/>
  <testcase classname="com.ticketingSystem.Script.PlayPauseScript" name="test_01" time="5.779"/>
  <system-out/>
  <testcase classname="com.ticketingSystem.Script.PlayPauseScript" name="test_02" time="5.367"/>
  <system-out/>
  <testcase classname="com.ticketingSystem.Script.PlayPauseScript" name="test_03" time="6.330"/>
  <system-out/>
  <testcase classname="com.ticketingSystem.Script.PlayPauseScript" name="test_05" time="5.381"/>
  <system-out/>
</testsuite> <!-- com.ticketingSystem.Script.PlayPauseScript -->
